<?xml version="1.0" encoding="UTF-8"?>
<robot generator="Robot 4.1 (Python 3.9.6 on win32)" generated="20210729 10:44:13.499" rpa="false" schemaversion="2">
<suite id="s1" name="Web" source="C:\Users\ROQUE CHIMULL\qaninja\robot\web.robot">
<test id="s1-t1" name="deve abrir a pagina">
<kw name="Open Browser" library="SeleniumLibrary">
<arg>https://training-wheels-protocol.herokuapp.com</arg>
<arg>Chrome</arg>
<doc>Opens a new browser instance to the optional ``url``.</doc>
<msg timestamp="20210729 10:44:13.864" level="INFO">Opening browser 'Chrome' to base url 'https://training-wheels-protocol.herokuapp.com'.</msg>
<status status="PASS" starttime="20210729 10:44:13.864" endtime="20210729 10:44:21.155"/>
</kw>
<kw name="Title Should Be" library="SeleniumLibrary">
<arg>Training Wheels Protocol</arg>
<doc>Verifies that the current page title equals ``title``.</doc>
<msg timestamp="20210729 10:44:21.163" level="INFO">Page title is 'Training Wheels Protocol'.</msg>
<status status="PASS" starttime="20210729 10:44:21.156" endtime="20210729 10:44:21.163"/>
</kw>
<kw name="Close Browser" library="SeleniumLibrary">
<doc>Closes the current browser.</doc>
<status status="PASS" starttime="20210729 10:44:21.164" endtime="20210729 10:44:23.459"/>
</kw>
<status status="PASS" starttime="20210729 10:44:13.864" endtime="20210729 10:44:23.459"/>
</test>
<status status="PASS" starttime="20210729 10:44:13.502" endtime="20210729 10:44:23.459"/>
</suite>
<statistics>
<total>
<stat pass="1" fail="0" skip="0">All Tests</stat>
</total>
<tag>
</tag>
<suite>
<stat pass="1" fail="0" skip="0" id="s1" name="Web">Web</stat>
</suite>
</statistics>
<errors>
</errors>
</robot>
