<?xml version="1.0" encoding="UTF-8"?>
<robot generator="Robot 4.1 (Python 3.9.6 on win32)" generated="20210730 13:44:01.187" rpa="false" schemaversion="2">
<suite id="s1" name="Select" source="C:\Users\ROQUE CHIMULL\qaninja\robot\testes\select.robot">
<test id="s1-t1" name="Selecionar select texto">
<kw name="abrir navegador" library="BasePage" type="SETUP">
<kw name="Open Browser" library="SeleniumLibrary">
<arg>${Url}/checkboxes</arg>
<arg>Chrome</arg>
<doc>Opens a new browser instance to the optional ``url``.</doc>
<msg timestamp="20210730 13:44:01.552" level="INFO">Opening browser 'Chrome' to base url 'https://training-wheels-protocol.herokuapp.com/checkboxes'.</msg>
<status status="PASS" starttime="20210730 13:44:01.552" endtime="20210730 13:44:23.592"/>
</kw>
<status status="PASS" starttime="20210730 13:44:01.552" endtime="20210730 13:44:23.593"/>
</kw>
<kw name="Go To" library="SeleniumLibrary">
<arg>${Url}/dropdown</arg>
<doc>Navigates the current browser window to the provided ``url``.</doc>
<msg timestamp="20210730 13:44:23.594" level="INFO">Opening url 'https://training-wheels-protocol.herokuapp.com/dropdown'</msg>
<status status="PASS" starttime="20210730 13:44:23.594" endtime="20210730 13:44:24.165"/>
</kw>
<kw name="Select From List By Label" library="SeleniumLibrary">
<arg>class:avenger-list</arg>
<arg>Bruce Banner</arg>
<doc>Selects options from selection list ``locator`` by ``labels``.</doc>
<msg timestamp="20210730 13:44:24.168" level="INFO">Selecting options from selection list 'class:avenger-list' by label Bruce Banner.</msg>
<status status="PASS" starttime="20210730 13:44:24.166" endtime="20210730 13:44:24.264"/>
</kw>
<kw name="Get Selected List Value" library="SeleniumLibrary">
<var>${r}</var>
<arg>class:avenger-list</arg>
<doc>Returns the value of selected option from selection list ``locator``.</doc>
<msg timestamp="20210730 13:44:24.376" level="INFO">${r} = 5</msg>
<status status="PASS" starttime="20210730 13:44:24.265" endtime="20210730 13:44:24.376"/>
</kw>
<kw name="Should Be Equal" library="BuiltIn">
<arg>${r}</arg>
<arg>5</arg>
<doc>Fails if the given objects are unequal.</doc>
<status status="PASS" starttime="20210730 13:44:24.377" endtime="20210730 13:44:24.378"/>
</kw>
<kw name="Sleep" library="BuiltIn">
<arg>2</arg>
<doc>Pauses the test executed for the given time.</doc>
<msg timestamp="20210730 13:44:26.400" level="INFO">Slept 2 seconds</msg>
<status status="PASS" starttime="20210730 13:44:24.379" endtime="20210730 13:44:26.400"/>
</kw>
<kw name="fechar navegador" library="BasePage" type="TEARDOWN">
<kw name="Close Browser" library="SeleniumLibrary">
<doc>Closes the current browser.</doc>
<status status="PASS" starttime="20210730 13:44:26.400" endtime="20210730 13:44:28.661"/>
</kw>
<status status="PASS" starttime="20210730 13:44:26.400" endtime="20210730 13:44:28.662"/>
</kw>
<status status="PASS" starttime="20210730 13:44:01.550" endtime="20210730 13:44:28.664"/>
</test>
<test id="s1-t2" name="Selecionar select value">
<kw name="abrir navegador" library="BasePage" type="SETUP">
<kw name="Open Browser" library="SeleniumLibrary">
<arg>${Url}/checkboxes</arg>
<arg>Chrome</arg>
<doc>Opens a new browser instance to the optional ``url``.</doc>
<msg timestamp="20210730 13:44:28.676" level="INFO">Opening browser 'Chrome' to base url 'https://training-wheels-protocol.herokuapp.com/checkboxes'.</msg>
<status status="PASS" starttime="20210730 13:44:28.675" endtime="20210730 13:44:42.999"/>
</kw>
<status status="PASS" starttime="20210730 13:44:28.672" endtime="20210730 13:44:43.000"/>
</kw>
<kw name="Go To" library="SeleniumLibrary">
<arg>${Url}/dropdown</arg>
<doc>Navigates the current browser window to the provided ``url``.</doc>
<msg timestamp="20210730 13:44:43.001" level="INFO">Opening url 'https://training-wheels-protocol.herokuapp.com/dropdown'</msg>
<status status="PASS" starttime="20210730 13:44:43.000" endtime="20210730 13:44:43.398"/>
</kw>
<kw name="Select From List By Value" library="SeleniumLibrary">
<arg>id:dropdown</arg>
<arg>3</arg>
<doc>Selects options from selection list ``locator`` by ``values``.</doc>
<msg timestamp="20210730 13:44:43.400" level="INFO">Selecting options from selection list 'id:dropdown' by value 3.</msg>
<status status="PASS" starttime="20210730 13:44:43.399" endtime="20210730 13:44:43.495"/>
</kw>
<kw name="Get Selected List Label" library="SeleniumLibrary">
<var>${r}</var>
<arg>id:dropdown</arg>
<doc>Returns the label of selected option from selection list ``locator``.</doc>
<msg timestamp="20210730 13:44:43.601" level="INFO">${r} = Tony Stark</msg>
<status status="PASS" starttime="20210730 13:44:43.496" endtime="20210730 13:44:43.601"/>
</kw>
<kw name="Should Be Equal" library="BuiltIn">
<arg>${r}</arg>
<arg>Tony Stark</arg>
<doc>Fails if the given objects are unequal.</doc>
<status status="PASS" starttime="20210730 13:44:43.602" endtime="20210730 13:44:43.602"/>
</kw>
<kw name="Sleep" library="BuiltIn">
<arg>2</arg>
<doc>Pauses the test executed for the given time.</doc>
<msg timestamp="20210730 13:44:45.610" level="INFO">Slept 2 seconds</msg>
<status status="PASS" starttime="20210730 13:44:43.603" endtime="20210730 13:44:45.610"/>
</kw>
<kw name="fechar navegador" library="BasePage" type="TEARDOWN">
<kw name="Close Browser" library="SeleniumLibrary">
<doc>Closes the current browser.</doc>
<status status="PASS" starttime="20210730 13:44:45.611" endtime="20210730 13:44:47.812"/>
</kw>
<status status="PASS" starttime="20210730 13:44:45.611" endtime="20210730 13:44:47.813"/>
</kw>
<status status="PASS" starttime="20210730 13:44:28.670" endtime="20210730 13:44:47.814"/>
</test>
<status status="PASS" starttime="20210730 13:44:01.190" endtime="20210730 13:44:47.818"/>
</suite>
<statistics>
<total>
<stat pass="2" fail="0" skip="0">All Tests</stat>
</total>
<tag>
</tag>
<suite>
<stat pass="2" fail="0" skip="0" id="s1" name="Select">Select</stat>
</suite>
</statistics>
<errors>
</errors>
</robot>
