<?xml version="1.0" encoding="UTF-8"?>
<robot generator="Robot 4.1 (Python 3.9.6 on win32)" generated="20210730 17:06:52.642" rpa="false" schemaversion="2">
<suite id="s1" name="Formulario" source="C:\Users\ROQUE CHIMULL\qaninja\robot\testes\formulario.robot">
<test id="s1-t1" name="Preencher formulario">
<kw name="abrir navegador" library="BasePage" type="SETUP">
<kw name="Open Browser" library="SeleniumLibrary">
<arg>${Url}</arg>
<arg>Chrome</arg>
<doc>Opens a new browser instance to the optional ``url``.</doc>
<msg timestamp="20210730 17:06:53.012" level="INFO">Opening browser 'Chrome' to base url 'https://training-wheels-protocol.herokuapp.com'.</msg>
<status status="PASS" starttime="20210730 17:06:53.012" endtime="20210730 17:07:07.702"/>
</kw>
<status status="PASS" starttime="20210730 17:06:53.012" endtime="20210730 17:07:07.702"/>
</kw>
<kw name="Go To" library="SeleniumLibrary">
<arg>${Url}/login</arg>
<doc>Navigates the current browser window to the provided ``url``.</doc>
<msg timestamp="20210730 17:07:07.704" level="INFO">Opening url 'https://training-wheels-protocol.herokuapp.com/login'</msg>
<status status="PASS" starttime="20210730 17:07:07.703" endtime="20210730 17:07:08.650"/>
</kw>
<kw name="Input Text" library="SeleniumLibrary">
<arg>css:input[name=username]</arg>
<arg>stark</arg>
<doc>Types the given ``text`` into the text field identified by ``locator``.</doc>
<msg timestamp="20210730 17:07:08.652" level="INFO">Typing text 'stark' into text field 'css:input[name=username]'.</msg>
<status status="PASS" starttime="20210730 17:07:08.651" endtime="20210730 17:07:08.781"/>
</kw>
<kw name="Input Text" library="SeleniumLibrary">
<arg>css:input[name=password]</arg>
<arg>jarvis!</arg>
<doc>Types the given ``text`` into the text field identified by ``locator``.</doc>
<msg timestamp="20210730 17:07:08.783" level="INFO">Typing text 'jarvis!' into text field 'css:input[name=password]'.</msg>
<status status="PASS" starttime="20210730 17:07:08.781" endtime="20210730 17:07:08.911"/>
</kw>
<kw name="Click Button" library="SeleniumLibrary">
<arg>xpath:/html/body/div[2]/div/div/form/button</arg>
<doc>Clicks the button identified by ``locator``.</doc>
<msg timestamp="20210730 17:07:08.912" level="INFO">Clicking button 'xpath:/html/body/div[2]/div/div/form/button'.</msg>
<status status="PASS" starttime="20210730 17:07:08.912" endtime="20210730 17:07:09.489"/>
</kw>
<kw name="Page Should Contain" library="SeleniumLibrary">
<var>${log}</var>
<arg>Área Logada</arg>
<doc>Verifies that current page contains ``text``.</doc>
<msg timestamp="20210730 17:07:09.515" level="INFO">Current page contains text 'Área Logada'.</msg>
<msg timestamp="20210730 17:07:09.515" level="INFO">${log} = None</msg>
<status status="PASS" starttime="20210730 17:07:09.491" endtime="20210730 17:07:09.515"/>
</kw>
<kw name="Log" library="BuiltIn">
<arg>${log}</arg>
<doc>Logs the given message with the given level.</doc>
<msg timestamp="20210730 17:07:09.518" level="INFO">None</msg>
<status status="PASS" starttime="20210730 17:07:09.516" endtime="20210730 17:07:09.518"/>
</kw>
<kw name="Log To Console" library="BuiltIn">
<arg>${log}</arg>
<doc>Logs the given message to the console.</doc>
<status status="PASS" starttime="20210730 17:07:09.519" endtime="20210730 17:07:09.521"/>
</kw>
<kw name="Sleep" library="BuiltIn">
<arg>2</arg>
<doc>Pauses the test executed for the given time.</doc>
<msg timestamp="20210730 17:07:11.532" level="INFO">Slept 2 seconds</msg>
<status status="PASS" starttime="20210730 17:07:09.521" endtime="20210730 17:07:11.532"/>
</kw>
<kw name="fechar navegador" library="BasePage" type="TEARDOWN">
<kw name="Close Browser" library="SeleniumLibrary">
<doc>Closes the current browser.</doc>
<status status="PASS" starttime="20210730 17:07:11.532" endtime="20210730 17:07:13.771"/>
</kw>
<status status="PASS" starttime="20210730 17:07:11.532" endtime="20210730 17:07:13.771"/>
</kw>
<status status="PASS" starttime="20210730 17:06:52.996" endtime="20210730 17:07:13.771"/>
</test>
<status status="PASS" starttime="20210730 17:06:52.642" endtime="20210730 17:07:13.771"/>
</suite>
<statistics>
<total>
<stat pass="1" fail="0" skip="0">All Tests</stat>
</total>
<tag>
</tag>
<suite>
<stat pass="1" fail="0" skip="0" id="s1" name="Formulario">Formulario</stat>
</suite>
</statistics>
<errors>
</errors>
</robot>
