<?xml version="1.0" encoding="UTF-8"?>
<robot generator="Robot 4.1 (Python 3.9.6 on win32)" generated="20210730 21:20:06.574" rpa="false" schemaversion="2">
<suite id="s1" name="Formulario" source="C:\Users\ROQUE CHIMULL\qaninja\robot\testes\formulario.robot">
<test id="s1-t1" name="Preencher formulario inval_404">
<kw name="abrir navegador" library="BasePage" type="SETUP">
<kw name="Open Browser" library="SeleniumLibrary">
<arg>${Url}</arg>
<arg>Chrome</arg>
<doc>Opens a new browser instance to the optional ``url``.</doc>
<msg timestamp="20210730 21:20:06.944" level="INFO">Opening browser 'Chrome' to base url 'https://training-wheels-protocol.herokuapp.com'.</msg>
<status status="PASS" starttime="20210730 21:20:06.944" endtime="20210730 21:20:11.744"/>
</kw>
<status status="PASS" starttime="20210730 21:20:06.944" endtime="20210730 21:20:11.745"/>
</kw>
<kw name="Go To" library="SeleniumLibrary">
<arg>${Url}/login</arg>
<doc>Navigates the current browser window to the provided ``url``.</doc>
<msg timestamp="20210730 21:20:11.748" level="INFO">Opening url 'https://training-wheels-protocol.herokuapp.com/login'</msg>
<status status="PASS" starttime="20210730 21:20:11.747" endtime="20210730 21:20:12.241"/>
</kw>
<kw name="Input Text" library="SeleniumLibrary">
<arg>css:input[name=username]</arg>
<arg>pelé</arg>
<doc>Types the given ``text`` into the text field identified by ``locator``.</doc>
<msg timestamp="20210730 21:20:12.243" level="INFO">Typing text 'pelé' into text field 'css:input[name=username]'.</msg>
<status status="PASS" starttime="20210730 21:20:12.242" endtime="20210730 21:20:12.390"/>
</kw>
<kw name="Input Text" library="SeleniumLibrary">
<arg>css:input[name=password]</arg>
<arg>jarvis!2</arg>
<doc>Types the given ``text`` into the text field identified by ``locator``.</doc>
<msg timestamp="20210730 21:20:12.391" level="INFO">Typing text 'jarvis!2' into text field 'css:input[name=password]'.</msg>
<status status="PASS" starttime="20210730 21:20:12.390" endtime="20210730 21:20:12.516"/>
</kw>
<kw name="Click Button" library="SeleniumLibrary">
<arg>xpath:${X}</arg>
<doc>Clicks the button identified by ``locator``.</doc>
<msg timestamp="20210730 21:20:12.517" level="INFO">Clicking button 'xpath:/html/body/div[2]/div/div/form/button'.</msg>
<status status="PASS" starttime="20210730 21:20:12.517" endtime="20210730 21:20:13.096"/>
</kw>
<kw name="Get WebElement" library="SeleniumLibrary">
<var>${msg}</var>
<arg>id:flash</arg>
<doc>Returns the first WebElement matching the given ``locator``.</doc>
<msg timestamp="20210730 21:20:13.117" level="INFO">${msg} = &lt;selenium.webdriver.remote.webelement.WebElement (session="a456bd1a1d810aec56dd3ab96dcf7b48", element="2f8ac86f-14de-4dea-8a0e-56e90d632792")&gt;</msg>
<status status="PASS" starttime="20210730 21:20:13.097" endtime="20210730 21:20:13.117"/>
</kw>
<kw name="Should Contain" library="BuiltIn">
<arg>${msg.text}</arg>
<arg>O usuário informado não está cadastrado!</arg>
<doc>Fails if ``container`` does not contain ``item`` one or more times.</doc>
<status status="PASS" starttime="20210730 21:20:13.118" endtime="20210730 21:20:13.138"/>
</kw>
<kw name="Log To Console" library="BuiltIn">
<arg>${msg.text}</arg>
<doc>Logs the given message to the console.</doc>
<status status="PASS" starttime="20210730 21:20:13.139" endtime="20210730 21:20:13.150"/>
</kw>
<kw name="Sleep" library="BuiltIn">
<arg>2</arg>
<doc>Pauses the test executed for the given time.</doc>
<msg timestamp="20210730 21:20:15.154" level="INFO">Slept 2 seconds</msg>
<status status="PASS" starttime="20210730 21:20:13.151" endtime="20210730 21:20:15.154"/>
</kw>
<kw name="fechar navegador" library="BasePage" type="TEARDOWN">
<kw name="Close Browser" library="SeleniumLibrary">
<doc>Closes the current browser.</doc>
<status status="PASS" starttime="20210730 21:20:15.154" endtime="20210730 21:20:17.420"/>
</kw>
<status status="PASS" starttime="20210730 21:20:15.154" endtime="20210730 21:20:17.420"/>
</kw>
<tag>user_404</tag>
<status status="PASS" starttime="20210730 21:20:06.944" endtime="20210730 21:20:17.420"/>
</test>
<status status="PASS" starttime="20210730 21:20:06.574" endtime="20210730 21:20:17.420"/>
</suite>
<statistics>
<total>
<stat pass="1" fail="0" skip="0">All Tests</stat>
</total>
<tag>
<stat pass="1" fail="0" skip="0">user_404</stat>
</tag>
<suite>
<stat pass="1" fail="0" skip="0" id="s1" name="Formulario">Formulario</stat>
</suite>
</statistics>
<errors>
</errors>
</robot>
